<?xml version="1.0" encoding="UTF-8"?>
<!-- Generated by org.testng.reporters.JUnitReportReporter -->
<testsuite skipped="0" hostname="LTA1TFLHGS-MAC.local" name="com.bsb.wynkAndroid.API.HomescreenAPI" tests="1" failures="0" timestamp="20 Aug 2018 19:24:14 GMT" time="2.219" errors="0">
  <testcase name="validateSectionsPresent" time="2.219" classname="com.bsb.wynkAndroid.API.HomescreenAPI"/>
</testsuite> <!-- com.bsb.wynkAndroid.API.HomescreenAPI -->
