<?xml version="1.0" encoding="UTF-8"?>
<!-- Generated by org.testng.reporters.JUnitReportReporter -->
<testsuite skipped="7" hostname="LTA1TFLHGS-MAC.local" name="com.bsb.wynkAndroid.Stats.HomescreenStats" tests="8" failures="0" timestamp="08 Mar 2019 08:59:45 GMT" time="1.815" errors="1">
  <testcase name="validateBottomNavigationBarSwitchStats" time="0.002" classname="com.bsb.wynkAndroid.Stats.HomescreenStats">
    <skipped/>
  </testcase> <!-- validateBottomNavigationBarSwitchStats -->
  <testcase name="validateMiniPlayerOnHomescreenStats" time="0.000" classname="com.bsb.wynkAndroid.Stats.HomescreenStats">
    <skipped/>
  </testcase> <!-- validateMiniPlayerOnHomescreenStats -->
  <testcase name="validateHomescreenStats" time="0.002" classname="com.bsb.wynkAndroid.Stats.HomescreenStats">
    <skipped/>
  </testcase> <!-- validateHomescreenStats -->
  <testcase name="validateCardsStatsOnHomescreen" time="0.000" classname="com.bsb.wynkAndroid.Stats.HomescreenStats">
    <skipped/>
  </testcase> <!-- validateCardsStatsOnHomescreen -->
  <testcase name="validateRadioAndFollowStats" time="0.000" classname="com.bsb.wynkAndroid.Stats.HomescreenStats">
    <skipped/>
  </testcase> <!-- validateRadioAndFollowStats -->
  <testcase name="validateHamburgerMenuStats" time="0.001" classname="com.bsb.wynkAndroid.Stats.HomescreenStats">
    <skipped/>
  </testcase> <!-- validateHamburgerMenuStats -->
  <testcase name="validateDSMNOfflineStats" time="0.000" classname="com.bsb.wynkAndroid.Stats.HomescreenStats">
    <skipped/>
  </testcase> <!-- validateDSMNOfflineStats -->
  <testcase name="beforeMethod" time="1.810" classname="com.bsb.wynkAndroid.Stats.HomescreenStats">
    <error type="java.io.FileNotFoundException" message="/Users/a1tflhgs/Documents/android-music-automation/src/main/resources/EventStats.xlsx (No such file or directory)">
      <![CDATA[java.io.FileNotFoundException: /Users/a1tflhgs/Documents/android-music-automation/src/main/resources/EventStats.xlsx (No such file or directory)
at java.io.FileInputStream.open0(Native Method)
at java.io.FileInputStream.open(FileInputStream.java:195)
at java.io.FileInputStream.<init>(FileInputStream.java:138)
at com.bsb.wynkAndroid.Common.CommonFunctions.clearAllDifferenceColumn(CommonFunctions.java:102)
at com.bsb.wynkAndroid.Stats.HomescreenStats.beforeMethod(HomescreenStats.java:124)
at sun.reflect.NativeMethodAccessorImpl.invoke0(Native Method)
at sun.reflect.NativeMethodAccessorImpl.invoke(NativeMethodAccessorImpl.java:62)
at sun.reflect.DelegatingMethodAccessorImpl.invoke(DelegatingMethodAccessorImpl.java:43)
at java.lang.reflect.Method.invoke(Method.java:498)
at org.testng.internal.MethodInvocationHelper.invokeMethod(MethodInvocationHelper.java:124)
at org.testng.internal.MethodInvocationHelper.invokeMethodConsideringTimeout(MethodInvocationHelper.java:59)
at org.testng.internal.Invoker.invokeConfigurationMethod(Invoker.java:455)
at org.testng.internal.Invoker.invokeConfigurations(Invoker.java:222)
at org.testng.internal.Invoker.invokeMethod(Invoker.java:520)
at org.testng.internal.Invoker.invokeTestMethod(Invoker.java:716)
at org.testng.internal.Invoker.invokeTestMethods(Invoker.java:988)
at org.testng.internal.TestMethodWorker.invokeTestMethods(TestMethodWorker.java:125)
at org.testng.internal.TestMethodWorker.run(TestMethodWorker.java:109)
at org.testng.TestRunner.privateRun(TestRunner.java:648)
at org.testng.TestRunner.run(TestRunner.java:505)
at org.testng.SuiteRunner.runTest(SuiteRunner.java:455)
at org.testng.SuiteRunner.access$000(SuiteRunner.java:40)
at org.testng.SuiteRunner$SuiteWorker.run(SuiteRunner.java:489)
at org.testng.internal.thread.ThreadUtil$1.call(ThreadUtil.java:52)
at java.util.concurrent.FutureTask.run(FutureTask.java:266)
at java.util.concurrent.ThreadPoolExecutor.runWorker(ThreadPoolExecutor.java:1149)
at java.util.concurrent.ThreadPoolExecutor$Worker.run(ThreadPoolExecutor.java:624)
at java.lang.Thread.run(Thread.java:748)
]]>
    </error>
  </testcase> <!-- beforeMethod -->
</testsuite> <!-- com.bsb.wynkAndroid.Stats.HomescreenStats -->
