<?xml version="1.0" encoding="UTF-8"?>
<!-- Generated by org.testng.reporters.JUnitReportReporter -->
<testsuite skipped="9" hostname="LTA1TFLHGS-MAC.local" name="com.bsb.wynkAndroid.Test.MusicPreferenceTest" tests="10" failures="0" timestamp="26 Jul 2018 09:43:03 GMT" time="0.344" errors="1">
  <testcase name="launchApp" time="0.341" classname="com.bsb.wynkAndroid.Test.MusicPreferenceTest">
    <error type="java.lang.NullPointerException">
      <![CDATA[java.lang.NullPointerException
at com.bsb.wynkAndroid.Test.MusicPreferenceTest.launchApp(MusicPreferenceTest.java:97)
at sun.reflect.NativeMethodAccessorImpl.invoke0(Native Method)
at sun.reflect.NativeMethodAccessorImpl.invoke(NativeMethodAccessorImpl.java:62)
at sun.reflect.DelegatingMethodAccessorImpl.invoke(DelegatingMethodAccessorImpl.java:43)
at java.lang.reflect.Method.invoke(Method.java:498)
at org.testng.internal.MethodInvocationHelper.invokeMethod(MethodInvocationHelper.java:124)
at org.testng.internal.MethodInvocationHelper.invokeMethodConsideringTimeout(MethodInvocationHelper.java:59)
at org.testng.internal.Invoker.invokeConfigurationMethod(Invoker.java:455)
at org.testng.internal.Invoker.invokeConfigurations(Invoker.java:222)
at org.testng.internal.Invoker.invokeConfigurations(Invoker.java:142)
at org.testng.TestRunner.beforeRun(TestRunner.java:529)
at org.testng.TestRunner.run(TestRunner.java:497)
at org.testng.SuiteRunner.runTest(SuiteRunner.java:455)
at org.testng.SuiteRunner.access$000(SuiteRunner.java:40)
at org.testng.SuiteRunner$SuiteWorker.run(SuiteRunner.java:489)
at org.testng.internal.thread.ThreadUtil$1.call(ThreadUtil.java:52)
at java.util.concurrent.FutureTask.run(FutureTask.java:266)
at java.util.concurrent.ThreadPoolExecutor.runWorker(ThreadPoolExecutor.java:1149)
at java.util.concurrent.ThreadPoolExecutor$Worker.run(ThreadPoolExecutor.java:624)
at java.lang.Thread.run(Thread.java:748)
]]>
    </error>
  </testcase> <!-- launchApp -->
  <testcase name="validateMusicPreference" time="0.001" classname="com.bsb.wynkAndroid.Test.MusicPreferenceTest">
    <skipped/>
  </testcase> <!-- validateMusicPreference -->
  <testcase name="verifySelectedLanguageIsChecked" time="0.000" classname="com.bsb.wynkAndroid.Test.MusicPreferenceTest">
    <skipped/>
  </testcase> <!-- verifySelectedLanguageIsChecked -->
  <testcase name="verifyOnly1LanguageSelected" time="0.001" classname="com.bsb.wynkAndroid.Test.MusicPreferenceTest">
    <skipped/>
  </testcase> <!-- verifyOnly1LanguageSelected -->
  <testcase name="verifyNonCuratedLanguages" time="0.001" classname="com.bsb.wynkAndroid.Test.MusicPreferenceTest">
    <skipped/>
  </testcase> <!-- verifyNonCuratedLanguages -->
  <testcase name="verify5Languageswith2NonCurated" time="0.000" classname="com.bsb.wynkAndroid.Test.MusicPreferenceTest">
    <skipped/>
  </testcase> <!-- verify5Languageswith2NonCurated -->
  <testcase name="verifyHomeLanguageOption" time="0.000" classname="com.bsb.wynkAndroid.Test.MusicPreferenceTest">
    <skipped/>
  </testcase> <!-- verifyHomeLanguageOption -->
  <testcase name="onClickBehaviour" time="0.000" classname="com.bsb.wynkAndroid.Test.MusicPreferenceTest">
    <skipped/>
  </testcase> <!-- onClickBehaviour -->
  <testcase name="onClickBehaviourSetAddtoQueue" time="0.000" classname="com.bsb.wynkAndroid.Test.MusicPreferenceTest">
    <skipped/>
  </testcase> <!-- onClickBehaviourSetAddtoQueue -->
  <testcase name="deSelectAllSongs" classname="com.bsb.wynkAndroid.Test.MusicPreferenceTest">
    <skipped/>
  </testcase> <!-- deSelectAllSongs -->
</testsuite> <!-- com.bsb.wynkAndroid.Test.MusicPreferenceTest -->
