<?xml version="1.0" encoding="UTF-8"?>
<!-- Generated by org.testng.reporters.JUnitReportReporter -->
<testsuite skipped="1" hostname="LTA1TFLHGS-MAC.local" name="com.bsb.wynkAndroid.Stats.InstallAppStats" tests="2" failures="0" timestamp="27 Sep 2018 10:45:19 GMT" time="22.755" errors="0">
  <testcase name="appInstallation" time="22.755" classname="com.bsb.wynkAndroid.Stats.InstallAppStats"/>
  <testcase name="startStats_v2" classname="com.bsb.wynkAndroid.Stats.InstallAppStats">
    <skipped/>
  </testcase> <!-- startStats_v2 -->
</testsuite> <!-- com.bsb.wynkAndroid.Stats.InstallAppStats -->
