<?xml version="1.0" encoding="UTF-8"?>
<!-- Generated by org.testng.reporters.JUnitReportReporter -->
<testsuite skipped="10" hostname="LTA1TFLHGS-MAC.local" name="com.bsb.wynkAndroid.Test.StreamingTest" tests="11" failures="0" timestamp="09 Aug 2018 07:05:02 GMT" time="1.018" errors="1">
  <testcase name="validateSongCaching" time="0.001" classname="com.bsb.wynkAndroid.Test.StreamingTest">
    <skipped/>
  </testcase> <!-- validateSongCaching -->
  <testcase name="validateDownloadAndStreaming" time="0.001" classname="com.bsb.wynkAndroid.Test.StreamingTest">
    <skipped/>
  </testcase> <!-- validateDownloadAndStreaming -->
  <testcase name="validateStreamingForUnregisteredUser" time="0.001" classname="com.bsb.wynkAndroid.Test.StreamingTest">
    <skipped/>
  </testcase> <!-- validateStreamingForUnregisteredUser -->
  <testcase name="validateCachedSongStreamingInOffline" time="0.001" classname="com.bsb.wynkAndroid.Test.StreamingTest">
    <skipped/>
  </testcase> <!-- validateCachedSongStreamingInOffline -->
  <testcase name="validateStreamingOnAllBitRates" time="0.000" classname="com.bsb.wynkAndroid.Test.StreamingTest">
    <skipped/>
  </testcase> <!-- validateStreamingOnAllBitRates -->
  <testcase name="launchApp" time="1.011" classname="com.bsb.wynkAndroid.Test.StreamingTest">
    <error type="java.lang.NullPointerException">
      <![CDATA[java.lang.NullPointerException
at com.bsb.wynkAndroid.Test.StreamingTest.launchApp(StreamingTest.java:101)
at sun.reflect.NativeMethodAccessorImpl.invoke0(Native Method)
at sun.reflect.NativeMethodAccessorImpl.invoke(NativeMethodAccessorImpl.java:62)
at sun.reflect.DelegatingMethodAccessorImpl.invoke(DelegatingMethodAccessorImpl.java:43)
at java.lang.reflect.Method.invoke(Method.java:498)
at org.testng.internal.MethodInvocationHelper.invokeMethod(MethodInvocationHelper.java:124)
at org.testng.internal.MethodInvocationHelper.invokeMethodConsideringTimeout(MethodInvocationHelper.java:59)
at org.testng.internal.Invoker.invokeConfigurationMethod(Invoker.java:455)
at org.testng.internal.Invoker.invokeConfigurations(Invoker.java:222)
at org.testng.internal.Invoker.invokeConfigurations(Invoker.java:142)
at org.testng.internal.TestMethodWorker.invokeBeforeClassMethods(TestMethodWorker.java:168)
at org.testng.internal.TestMethodWorker.run(TestMethodWorker.java:105)
at org.testng.TestRunner.privateRun(TestRunner.java:648)
at org.testng.TestRunner.run(TestRunner.java:505)
at org.testng.SuiteRunner.runTest(SuiteRunner.java:455)
at org.testng.SuiteRunner.runSequentially(SuiteRunner.java:450)
at org.testng.SuiteRunner.privateRun(SuiteRunner.java:415)
at org.testng.SuiteRunner.run(SuiteRunner.java:364)
at org.testng.SuiteRunnerWorker.runSuite(SuiteRunnerWorker.java:52)
at org.testng.SuiteRunnerWorker.run(SuiteRunnerWorker.java:84)
at org.testng.TestNG.runSuitesSequentially(TestNG.java:1208)
at org.testng.TestNG.runSuitesLocally(TestNG.java:1137)
at org.testng.TestNG.runSuites(TestNG.java:1049)
at org.testng.TestNG.run(TestNG.java:1017)
at org.testng.remote.AbstractRemoteTestNG.run(AbstractRemoteTestNG.java:114)
at org.testng.remote.RemoteTestNG.initAndRun(RemoteTestNG.java:251)
at org.testng.remote.RemoteTestNG.main(RemoteTestNG.java:77)
]]>
    </error>
  </testcase> <!-- launchApp -->
  <testcase name="validateOfflineModeStreaming" time="0.000" classname="com.bsb.wynkAndroid.Test.StreamingTest">
    <skipped/>
  </testcase> <!-- validateOfflineModeStreaming -->
  <testcase name="validatePlayerControls" time="0.000" classname="com.bsb.wynkAndroid.Test.StreamingTest">
    <skipped/>
  </testcase> <!-- validatePlayerControls -->
  <testcase name="validateLocalMp3InAirPlaneMode" time="0.002" classname="com.bsb.wynkAndroid.Test.StreamingTest">
    <skipped/>
  </testcase> <!-- validateLocalMp3InAirPlaneMode -->
  <testcase name="validatePrefetching" time="0.001" classname="com.bsb.wynkAndroid.Test.StreamingTest">
    <skipped/>
  </testcase> <!-- validatePrefetching -->
  <testcase name="verifyStreamingOnAuto" time="0.000" classname="com.bsb.wynkAndroid.Test.StreamingTest">
    <skipped/>
  </testcase> <!-- verifyStreamingOnAuto -->
</testsuite> <!-- com.bsb.wynkAndroid.Test.StreamingTest -->
