<?xml version="1.0" encoding="UTF-8"?>
<!-- Generated by org.testng.reporters.JUnitReportReporter -->
<testsuite skipped="0" hostname="LTA1TFLHGS-MAC.local" name="com.bsb.wynkAndroid.Test.HomescreenTest" tests="1" failures="0" timestamp="22 Nov 2018 06:33:58 GMT" time="100.749" errors="0">
  <testcase name="validateFollowdArtistRail" time="100.749" classname="com.bsb.wynkAndroid.Test.HomescreenTest"/>
</testsuite> <!-- com.bsb.wynkAndroid.Test.HomescreenTest -->
