<?xml version="1.0" encoding="UTF-8"?>
<!-- Generated by org.testng.reporters.JUnitReportReporter -->
<testsuite skipped="1" hostname="LTA1TFLHGS-MAC.local" name="com.bsb.wynkAndroid.Stats.UpdatesAndMigrationStats" tests="2" failures="0" timestamp="27 Sep 2018 12:21:20 GMT" time="33.665" errors="0">
  <testcase name="updatesNMigration" time="33.665" classname="com.bsb.wynkAndroid.Stats.UpdatesAndMigrationStats"/>
  <testcase name="startStats_v2" classname="com.bsb.wynkAndroid.Stats.UpdatesAndMigrationStats">
    <skipped/>
  </testcase> <!-- startStats_v2 -->
</testsuite> <!-- com.bsb.wynkAndroid.Stats.UpdatesAndMigrationStats -->
