<?xml version="1.0" encoding="UTF-8"?>
<!-- Generated by org.testng.reporters.JUnitReportReporter -->
<testsuite skipped="0" hostname="LTA1TFLHGS-MAC.local" name="com.bsb.wynkAndroid.Stats.RegistrationStats" tests="1" failures="0" timestamp="06 Oct 2018 08:26:39 GMT" time="133.522" errors="0">
  <testcase name="validateVerifyOtpScreen" time="133.522" classname="com.bsb.wynkAndroid.Stats.RegistrationStats"/>
</testsuite> <!-- com.bsb.wynkAndroid.Stats.RegistrationStats -->
