<?xml version="1.0" encoding="UTF-8"?>
<!-- Generated by org.testng.reporters.JUnitReportReporter -->
<testsuite skipped="16" hostname="LTA1TFLHGS-MAC.local" name="com.bsb.wynkAndroid.Test.ArtistTest" tests="17" failures="0" timestamp="26 Oct 2018 07:14:00 GMT" time="1.100" errors="1">
  <testcase name="validateBiographySection" time="0.000" classname="com.bsb.wynkAndroid.Test.ArtistTest">
    <skipped/>
  </testcase> <!-- validateBiographySection -->
  <testcase name="validateSearchWithToggleDisabled" time="0.000" classname="com.bsb.wynkAndroid.Test.ArtistTest">
    <skipped/>
  </testcase> <!-- validateSearchWithToggleDisabled -->
  <testcase name="validateSearchWithToggleEnabled" time="0.001" classname="com.bsb.wynkAndroid.Test.ArtistTest">
    <skipped/>
  </testcase> <!-- validateSearchWithToggleEnabled -->
  <testcase name="validateTopSection" time="0.000" classname="com.bsb.wynkAndroid.Test.ArtistTest">
    <skipped/>
  </testcase> <!-- validateTopSection -->
  <testcase name="validateSearchSection" time="0.001" classname="com.bsb.wynkAndroid.Test.ArtistTest">
    <skipped/>
  </testcase> <!-- validateSearchSection -->
  <testcase name="validateNonCuratedArtistPage" time="0.003" classname="com.bsb.wynkAndroid.Test.ArtistTest">
    <skipped/>
  </testcase> <!-- validateNonCuratedArtistPage -->
  <testcase name="validatePlayTopSongs" time="0.000" classname="com.bsb.wynkAndroid.Test.ArtistTest">
    <skipped/>
  </testcase> <!-- validatePlayTopSongs -->
  <testcase name="validatePlaylistStory" time="0.002" classname="com.bsb.wynkAndroid.Test.ArtistTest">
    <skipped/>
  </testcase> <!-- validatePlaylistStory -->
  <testcase name="validateSocialMediaHandles" time="0.002" classname="com.bsb.wynkAndroid.Test.ArtistTest">
    <skipped/>
  </testcase> <!-- validateSocialMediaHandles -->
  <testcase name="validateTwitterFeedSection" time="0.002" classname="com.bsb.wynkAndroid.Test.ArtistTest">
    <skipped/>
  </testcase> <!-- validateTwitterFeedSection -->
  <testcase name="validateOverFlowMenuItems" time="0.000" classname="com.bsb.wynkAndroid.Test.ArtistTest">
    <skipped/>
  </testcase> <!-- validateOverFlowMenuItems -->
  <testcase name="launchApp" time="1.086" classname="com.bsb.wynkAndroid.Test.ArtistTest">
    <error type="java.lang.NullPointerException">
      <![CDATA[java.lang.NullPointerException
at com.bsb.wynkAndroid.Test.ArtistTest.launchApp(ArtistTest.java:150)
at sun.reflect.NativeMethodAccessorImpl.invoke0(Native Method)
at sun.reflect.NativeMethodAccessorImpl.invoke(NativeMethodAccessorImpl.java:62)
at sun.reflect.DelegatingMethodAccessorImpl.invoke(DelegatingMethodAccessorImpl.java:43)
at java.lang.reflect.Method.invoke(Method.java:498)
at org.testng.internal.MethodInvocationHelper.invokeMethod(MethodInvocationHelper.java:124)
at org.testng.internal.MethodInvocationHelper.invokeMethodConsideringTimeout(MethodInvocationHelper.java:59)
at org.testng.internal.Invoker.invokeConfigurationMethod(Invoker.java:455)
at org.testng.internal.Invoker.invokeConfigurations(Invoker.java:222)
at org.testng.internal.Invoker.invokeConfigurations(Invoker.java:142)
at org.testng.internal.TestMethodWorker.invokeBeforeClassMethods(TestMethodWorker.java:168)
at org.testng.internal.TestMethodWorker.run(TestMethodWorker.java:105)
at org.testng.TestRunner.privateRun(TestRunner.java:648)
at org.testng.TestRunner.run(TestRunner.java:505)
at org.testng.SuiteRunner.runTest(SuiteRunner.java:455)
at org.testng.SuiteRunner.runSequentially(SuiteRunner.java:450)
at org.testng.SuiteRunner.privateRun(SuiteRunner.java:415)
at org.testng.SuiteRunner.run(SuiteRunner.java:364)
at org.testng.SuiteRunnerWorker.runSuite(SuiteRunnerWorker.java:52)
at org.testng.SuiteRunnerWorker.run(SuiteRunnerWorker.java:84)
at org.testng.TestNG.runSuitesSequentially(TestNG.java:1208)
at org.testng.TestNG.runSuitesLocally(TestNG.java:1137)
at org.testng.TestNG.runSuites(TestNG.java:1049)
at org.testng.TestNG.run(TestNG.java:1017)
at org.testng.remote.AbstractRemoteTestNG.run(AbstractRemoteTestNG.java:114)
at org.testng.remote.RemoteTestNG.initAndRun(RemoteTestNG.java:251)
at org.testng.remote.RemoteTestNG.main(RemoteTestNG.java:77)
]]>
    </error>
  </testcase> <!-- launchApp -->
  <testcase name="validateFollowSectionOfArtist" time="0.001" classname="com.bsb.wynkAndroid.Test.ArtistTest">
    <skipped/>
  </testcase> <!-- validateFollowSectionOfArtist -->
  <testcase name="validateMyMusicSection" time="0.000" classname="com.bsb.wynkAndroid.Test.ArtistTest">
    <skipped/>
  </testcase> <!-- validateMyMusicSection -->
  <testcase name="validateTopSongsStory" time="0.001" classname="com.bsb.wynkAndroid.Test.ArtistTest">
    <skipped/>
  </testcase> <!-- validateTopSongsStory -->
  <testcase name="validateCuratedArtistPage" time="0.001" classname="com.bsb.wynkAndroid.Test.ArtistTest">
    <skipped/>
  </testcase> <!-- validateCuratedArtistPage -->
  <testcase name="validateAlbumStory" time="0.000" classname="com.bsb.wynkAndroid.Test.ArtistTest">
    <skipped/>
  </testcase> <!-- validateAlbumStory -->
</testsuite> <!-- com.bsb.wynkAndroid.Test.ArtistTest -->
