<?xml version="1.0" encoding="UTF-8"?>
<!-- Generated by org.testng.reporters.JUnitReportReporter -->
<testsuite skipped="2" hostname="LTA1TFLHGS-MAC.local" name="com.bsb.wynkAndroid.Test.RegistrationTest" tests="3" failures="0" timestamp="26 Jul 2018 09:43:03 GMT" time="0.320" errors="1">
  <testcase name="launchApp" time="0.320" classname="com.bsb.wynkAndroid.Test.RegistrationTest">
    <error type="java.lang.NullPointerException">
      <![CDATA[java.lang.NullPointerException
at com.bsb.wynkAndroid.Test.RegistrationTest.launchApp(RegistrationTest.java:94)
at sun.reflect.NativeMethodAccessorImpl.invoke0(Native Method)
at sun.reflect.NativeMethodAccessorImpl.invoke(NativeMethodAccessorImpl.java:62)
at sun.reflect.DelegatingMethodAccessorImpl.invoke(DelegatingMethodAccessorImpl.java:43)
at java.lang.reflect.Method.invoke(Method.java:498)
at org.testng.internal.MethodInvocationHelper.invokeMethod(MethodInvocationHelper.java:124)
at org.testng.internal.MethodInvocationHelper.invokeMethodConsideringTimeout(MethodInvocationHelper.java:59)
at org.testng.internal.Invoker.invokeConfigurationMethod(Invoker.java:455)
at org.testng.internal.Invoker.invokeConfigurations(Invoker.java:222)
at org.testng.internal.Invoker.invokeConfigurations(Invoker.java:142)
at org.testng.TestRunner.beforeRun(TestRunner.java:529)
at org.testng.TestRunner.run(TestRunner.java:497)
at org.testng.SuiteRunner.runTest(SuiteRunner.java:455)
at org.testng.SuiteRunner.access$000(SuiteRunner.java:40)
at org.testng.SuiteRunner$SuiteWorker.run(SuiteRunner.java:489)
at org.testng.internal.thread.ThreadUtil$1.call(ThreadUtil.java:52)
at java.util.concurrent.FutureTask.run(FutureTask.java:266)
at java.util.concurrent.ThreadPoolExecutor.runWorker(ThreadPoolExecutor.java:1149)
at java.util.concurrent.ThreadPoolExecutor$Worker.run(ThreadPoolExecutor.java:624)
at java.lang.Thread.run(Thread.java:748)
]]>
    </error>
  </testcase> <!-- launchApp -->
  <testcase name="validateRegistrationPopUp" time="0.000" classname="com.bsb.wynkAndroid.Test.RegistrationTest">
    <skipped/>
  </testcase> <!-- validateRegistrationPopUp -->
  <testcase name="validateRegistrationInvocation" time="0.000" classname="com.bsb.wynkAndroid.Test.RegistrationTest">
    <skipped/>
  </testcase> <!-- validateRegistrationInvocation -->
</testsuite> <!-- com.bsb.wynkAndroid.Test.RegistrationTest -->
